# JRE version: OpenJDK Runtime Environment (21.0.8) (build 21.0.8+-14196175-b1038.72)
# Java VM: OpenJDK 64-Bit Server VM (21.0.8+-14196175-b1038.72, mixed mode, tiered, compressed oops, compressed class ptrs, g1 gc, windows-amd64)
GC Precious Log:
 CardTable entry size: 512
 Card Set container configuration: InlinePtr #cards 4 size 8 Array Of Cards #cards 16 size 48 Howl #buckets 8 coarsen threshold 3686 Howl Bitmap #cards 512 size 80 coarsen threshold 460 Card regions per heap region 1 cards per card region 4096
 CPUs: 16 total, 16 available
 Memory: 15773M
 Large Page Support: Disabled
 NUMA Support: Disabled
 Compressed Oops: Enabled (Zero based)
 Heap Region Size: 2M
 Heap Min Capacity: 8M
 Heap Initial Capacity: 248M
 Heap Max Capacity: 4G
 Pre-touch: Disabled
 Parallel Workers: 13
 Concurrent Workers: 3
 Concurrent Refinement Workers: 13
 Periodic GC: Disabled
Heap:
 garbage-first heap   total 516096K, used 351353K [0x0000000700000000, 0x0000000800000000)
  region size 2048K, 20 young (40960K), 11 survivors (22528K)
 Metaspace       used 139108K, committed 141888K, reserved 1179648K
  class space    used 19385K, committed 20672K, reserved 1048576K
GC Heap History (20 events):
Event: 82.167 GC heap before
{Heap before GC invocations=73 (full 0):
 garbage-first heap   total 368640K, used 332128K [0x0000000700000000, 0x0000000800000000)
  region size 2048K, 60 young (122880K), 6 survivors (12288K)
 Metaspace       used 123725K, committed 126336K, reserved 1179648K
  class space    used 17523K, committed 18752K, reserved 1048576K
}
Event: 82.182 GC heap after
{Heap after GC invocations=74 (full 0):
 garbage-first heap   total 368640K, used 232913K [0x0000000700000000, 0x0000000800000000)
  region size 2048K, 8 young (16384K), 8 survivors (16384K)
 Metaspace       used 123725K, committed 126336K, reserved 1179648K
  class space    used 17523K, committed 18752K, reserved 1048576K
}
Event: 82.966 GC heap before
{Heap before GC invocations=75 (full 0):
 garbage-first heap   total 389120K, used 331217K [0x0000000700000000, 0x0000000800000000)
  region size 2048K, 56 young (114688K), 8 survivors (16384K)
 Metaspace       used 123793K, committed 126400K, reserved 1179648K
  class space    used 17533K, committed 18752K, reserved 1048576K
}
Event: 82.979 GC heap after
{Heap after GC invocations=76 (full 0):
 garbage-first heap   total 389120K, used 236755K [0x0000000700000000, 0x0000000800000000)
  region size 2048K, 3 young (6144K), 3 survivors (6144K)
 Metaspace       used 123793K, committed 126400K, reserved 1179648K
  class space    used 17533K, committed 18752K, reserved 1048576K
}
Event: 91.082 GC heap before
{Heap before GC invocations=76 (full 0):
 garbage-first heap   total 389120K, used 359635K [0x0000000700000000, 0x0000000800000000)
  region size 2048K, 63 young (129024K), 3 survivors (6144K)
 Metaspace       used 123896K, committed 126464K, reserved 1179648K
  class space    used 17540K, committed 18752K, reserved 1048576K
}
Event: 91.095 GC heap after
{Heap after GC invocations=77 (full 0):
 garbage-first heap   total 389120K, used 247973K [0x0000000700000000, 0x0000000800000000)
  region size 2048K, 8 young (16384K), 8 survivors (16384K)
 Metaspace       used 123896K, committed 126464K, reserved 1179648K
  class space    used 17540K, committed 18752K, reserved 1048576K
}
Event: 94.048 GC heap before
{Heap before GC invocations=77 (full 0):
 garbage-first heap   total 389120K, used 348325K [0x0000000700000000, 0x0000000800000000)
  region size 2048K, 58 young (118784K), 8 survivors (16384K)
 Metaspace       used 124116K, committed 126720K, reserved 1179648K
  class space    used 17560K, committed 18816K, reserved 1048576K
}
Event: 94.059 GC heap after
{Heap after GC invocations=78 (full 0):
 garbage-first heap   total 389120K, used 255310K [0x0000000700000000, 0x0000000800000000)
  region size 2048K, 5 young (10240K), 5 survivors (10240K)
 Metaspace       used 124116K, committed 126720K, reserved 1179648K
  class space    used 17560K, committed 18816K, reserved 1048576K
}
Event: 94.897 GC heap before
{Heap before GC invocations=79 (full 0):
 garbage-first heap   total 430080K, used 351566K [0x0000000700000000, 0x0000000800000000)
  region size 2048K, 53 young (108544K), 5 survivors (10240K)
 Metaspace       used 124204K, committed 126848K, reserved 1179648K
  class space    used 17574K, committed 18816K, reserved 1048576K
}
Event: 94.907 GC heap after
{Heap after GC invocations=80 (full 0):
 garbage-first heap   total 430080K, used 258526K [0x0000000700000000, 0x0000000800000000)
  region size 2048K, 3 young (6144K), 3 survivors (6144K)
 Metaspace       used 124204K, committed 126848K, reserved 1179648K
  class space    used 17574K, committed 18816K, reserved 1048576K
}
Event: 100.124 GC heap before
{Heap before GC invocations=80 (full 0):
 garbage-first heap   total 430080K, used 383454K [0x0000000700000000, 0x0000000800000000)
  region size 2048K, 65 young (133120K), 3 survivors (6144K)
 Metaspace       used 124515K, committed 127168K, reserved 1179648K
  class space    used 17611K, committed 18880K, reserved 1048576K
}
Event: 100.137 GC heap after
{Heap after GC invocations=81 (full 0):
 garbage-first heap   total 516096K, used 268751K [0x0000000700000000, 0x0000000800000000)
  region size 2048K, 8 young (16384K), 8 survivors (16384K)
 Metaspace       used 124515K, committed 127168K, reserved 1179648K
  class space    used 17611K, committed 18880K, reserved 1048576K
}
Event: 103.624 GC heap before
{Heap before GC invocations=81 (full 0):
 garbage-first heap   total 516096K, used 426447K [0x0000000700000000, 0x0000000800000000)
  region size 2048K, 86 young (176128K), 8 survivors (16384K)
 Metaspace       used 124696K, committed 127360K, reserved 1179648K
  class space    used 17631K, committed 18880K, reserved 1048576K
}
Event: 103.640 GC heap after
{Heap after GC invocations=82 (full 0):
 garbage-first heap   total 516096K, used 271499K [0x0000000700000000, 0x0000000800000000)
  region size 2048K, 5 young (10240K), 5 survivors (10240K)
 Metaspace       used 124696K, committed 127360K, reserved 1179648K
  class space    used 17631K, committed 18880K, reserved 1048576K
}
Event: 104.990 GC heap before
{Heap before GC invocations=82 (full 0):
 garbage-first heap   total 516096K, used 474251K [0x0000000700000000, 0x0000000800000000)
  region size 2048K, 104 young (212992K), 5 survivors (10240K)
 Metaspace       used 124996K, committed 127616K, reserved 1179648K
  class space    used 17666K, committed 18880K, reserved 1048576K
}
Event: 105.005 GC heap after
{Heap after GC invocations=83 (full 0):
 garbage-first heap   total 516096K, used 283618K [0x0000000700000000, 0x0000000800000000)
  region size 2048K, 10 young (20480K), 10 survivors (20480K)
 Metaspace       used 124996K, committed 127616K, reserved 1179648K
  class space    used 17666K, committed 18880K, reserved 1048576K
}
Event: 108.967 GC heap before
{Heap before GC invocations=83 (full 0):
 garbage-first heap   total 516096K, used 465890K [0x0000000700000000, 0x0000000800000000)
  region size 2048K, 99 young (202752K), 10 survivors (20480K)
 Metaspace       used 133733K, committed 136448K, reserved 1179648K
  class space    used 18838K, committed 20096K, reserved 1048576K
}
Event: 109.003 GC heap after
{Heap after GC invocations=84 (full 0):
 garbage-first heap   total 516096K, used 309849K [0x0000000700000000, 0x0000000800000000)
  region size 2048K, 13 young (26624K), 13 survivors (26624K)
 Metaspace       used 133733K, committed 136448K, reserved 1179648K
  class space    used 18838K, committed 20096K, reserved 1048576K
}
Event: 111.338 GC heap before
{Heap before GC invocations=84 (full 0):
 garbage-first heap   total 516096K, used 459353K [0x0000000700000000, 0x0000000800000000)
  region size 2048K, 86 young (176128K), 13 survivors (26624K)
 Metaspace       used 137329K, committed 140032K, reserved 1179648K
  class space    used 19243K, committed 20480K, reserved 1048576K
}
Event: 111.371 GC heap after
{Heap after GC invocations=85 (full 0):
 garbage-first heap   total 516096K, used 337017K [0x0000000700000000, 0x0000000800000000)
  region size 2048K, 11 young (22528K), 11 survivors (22528K)
 Metaspace       used 137329K, committed 140032K, reserved 1179648K
  class space    used 19243K, committed 20480K, reserved 1048576K
}

